The target system is: Emscripten - 1 - x86
The host system is: Linux - 5.15.153.1-microsoft-standard-WSL2 - x86_64
Compiling the C compiler identification source file "CMakeCCompilerId.c" succeeded.
Compiler: /home/jordan/emsdk/upstream/emscripten/emcc 
Build flags: 
Id flags:  

The output was:
0


Compilation of the C compiler identification source "CMakeCCompilerId.c" produced "a.out.js"

Compilation of the C compiler identification source "CMakeCCompilerId.c" produced "a.out.wasm"

The C compiler identification is Clang, found in "/home/jordan/testProject/build/CMakeFiles/3.25.1/CompilerIdC/a.out.wasm"

Detecting C compiler ABI info compiled with the following output:
Change Dir: /home/jordan/testProject/build/CMakeFiles/CMakeScratch/TryCompile-xaEFIZ

Run Build Command(s):/usr/bin/gmake -f Makefile cmTC_5c1ad/fast && /usr/bin/gmake  -f CMakeFiles/cmTC_5c1ad.dir/build.make CMakeFiles/cmTC_5c1ad.dir/build
gmake[1]: Entering directory '/home/jordan/testProject/build/CMakeFiles/CMakeScratch/TryCompile-xaEFIZ'
Building C object CMakeFiles/cmTC_5c1ad.dir/CMakeCCompilerABI.c.o
/home/jordan/emsdk/upstream/emscripten/emcc   -v -MD -MT CMakeFiles/cmTC_5c1ad.dir/CMakeCCompilerABI.c.o -MF CMakeFiles/cmTC_5c1ad.dir/CMakeCCompilerABI.c.o.d -o CMakeFiles/cmTC_5c1ad.dir/CMakeCCompilerABI.c.o -c /usr/share/cmake-3.25/Modules/CMakeCCompilerABI.c
 /home/jordan/emsdk/upstream/bin/clang -target wasm32-unknown-emscripten -fignore-exceptions -mllvm -combiner-global-alias-analysis=false -mllvm -enable-emscripten-sjlj -mllvm -disable-lsr --sysroot=/home/jordan/emsdk/upstream/emscripten/cache/sysroot -DEMSCRIPTEN -Xclang -iwithsysroot/include/fakesdl -Xclang -iwithsysroot/include/compat -v -MD -MT CMakeFiles/cmTC_5c1ad.dir/CMakeCCompilerABI.c.o -MF CMakeFiles/cmTC_5c1ad.dir/CMakeCCompilerABI.c.o.d -oCMakeFiles/cmTC_5c1ad.dir/CMakeCCompilerABI.c.o -c /usr/share/cmake-3.25/Modules/CMakeCCompilerABI.c
clang version 21.0.0git (https:/github.com/llvm/llvm-project 57025b42c43b2f14f7e58692bc19cd53d1b8a45e)
Target: wasm32-unknown-emscripten
Thread model: posix
InstalledDir: /home/jordan/emsdk/upstream/bin
 (in-process)
 "/home/jordan/emsdk/upstream/bin/clang-21" -cc1 -triple wasm32-unknown-emscripten -emit-obj -disable-free -clear-ast-before-backend -disable-llvm-verifier -discard-value-names -main-file-name CMakeCCompilerABI.c -mrelocation-model static -mframe-pointer=none -ffp-contract=on -fno-rounding-math -mconstructor-aliases -target-cpu generic -fvisibility=hidden -debugger-tuning=gdb -fdebug-compilation-dir=/home/jordan/testProject/build/CMakeFiles/CMakeScratch/TryCompile-xaEFIZ -v -fcoverage-compilation-dir=/home/jordan/testProject/build/CMakeFiles/CMakeScratch/TryCompile-xaEFIZ -resource-dir /home/jordan/emsdk/upstream/lib/clang/21 -dependency-file CMakeFiles/cmTC_5c1ad.dir/CMakeCCompilerABI.c.o.d -MT CMakeFiles/cmTC_5c1ad.dir/CMakeCCompilerABI.c.o -sys-header-deps -D EMSCRIPTEN -isysroot /home/jordan/emsdk/upstream/emscripten/cache/sysroot -internal-isystem /home/jordan/emsdk/upstream/lib/clang/21/include -internal-isystem /home/jordan/emsdk/upstream/emscripten/cache/sysroot/include/wasm32-emscripten -internal-isystem /home/jordan/emsdk/upstream/emscripten/cache/sysroot/include -ferror-limit 19 -fgnuc-version=4.2.1 -fskip-odr-check-in-gmf -fignore-exceptions -iwithsysroot/include/fakesdl -iwithsysroot/include/compat -mllvm -combiner-global-alias-analysis=false -mllvm -enable-emscripten-sjlj -mllvm -disable-lsr -o CMakeFiles/cmTC_5c1ad.dir/CMakeCCompilerABI.c.o -x c /usr/share/cmake-3.25/Modules/CMakeCCompilerABI.c
clang -cc1 version 21.0.0git based upon LLVM 21.0.0git default target x86_64-unknown-linux-gnu
ignoring nonexistent directory "/home/jordan/emsdk/upstream/emscripten/cache/sysroot/include/wasm32-emscripten"
#include "..." search starts here:
#include <...> search starts here:
 /home/jordan/emsdk/upstream/emscripten/cache/sysroot/include/fakesdl
 /home/jordan/emsdk/upstream/emscripten/cache/sysroot/include/compat
 /home/jordan/emsdk/upstream/lib/clang/21/include
 /home/jordan/emsdk/upstream/emscripten/cache/sysroot/include
End of search list.
Linking C executable cmTC_5c1ad.js
/usr/bin/cmake -E cmake_link_script CMakeFiles/cmTC_5c1ad.dir/link.txt --verbose=1
/home/jordan/emsdk/upstream/emscripten/emcc  -v @CMakeFiles/cmTC_5c1ad.dir/objects1 -o cmTC_5c1ad.js 
 /home/jordan/emsdk/upstream/bin/clang --version
 /home/jordan/emsdk/upstream/bin/wasm-ld -o cmTC_5c1ad.wasm CMakeFiles/cmTC_5c1ad.dir/CMakeCCompilerABI.c.o -L/home/jordan/emsdk/upstream/emscripten/cache/sysroot/lib/wasm32-emscripten -L/home/jordan/emsdk/upstream/emscripten/src/lib -lGL-getprocaddr -lal -lhtml5 -lstubs-debug -lnoexit -lc-debug -ldlmalloc-debug -lcompiler_rt -lc++-noexcept -lc++abi-debug-noexcept -lsockets -mllvm -combiner-global-alias-analysis=false -mllvm -enable-emscripten-sjlj -mllvm -disable-lsr /tmp/tmpl3jrjtk2libemscripten_js_symbols.so --strip-debug --export=emscripten_stack_get_end --export=emscripten_stack_get_free --export=emscripten_stack_get_base --export=emscripten_stack_get_current --export=emscripten_stack_init --export=_emscripten_stack_alloc --export=__wasm_call_ctors --export=_emscripten_stack_restore --export-if-defined=__start_em_asm --export-if-defined=__stop_em_asm --export-if-defined=__start_em_lib_deps --export-if-defined=__stop_em_lib_deps --export-if-defined=__start_em_js --export-if-defined=__stop_em_js --export-if-defined=main --export-if-defined=__main_argc_argv --export-if-defined=fflush --export-table -z stack-size=65536 --no-growable-memory --initial-heap=16777216 --no-entry --stack-first --table-base=1
 /home/jordan/emsdk/upstream/bin/llvm-objcopy cmTC_5c1ad.wasm cmTC_5c1ad.wasm --remove-section=.debug* --remove-section=producers --remove-section=name
 /home/jordan/emsdk/node/20.18.0_64bit/bin/node /home/jordan/emsdk/upstream/emscripten/tools/compiler.mjs -
gmake[1]: Leaving directory '/home/jordan/testProject/build/CMakeFiles/CMakeScratch/TryCompile-xaEFIZ'



Parsed C implicit include dir info from above output: rv=done
  found start of include info
  found start of implicit include info
    add: [/home/jordan/emsdk/upstream/emscripten/cache/sysroot/include/fakesdl]
    add: [/home/jordan/emsdk/upstream/emscripten/cache/sysroot/include/compat]
    add: [/home/jordan/emsdk/upstream/lib/clang/21/include]
    add: [/home/jordan/emsdk/upstream/emscripten/cache/sysroot/include]
  end of search list found
  collapse include dir [/home/jordan/emsdk/upstream/emscripten/cache/sysroot/include/fakesdl] ==> [/home/jordan/emsdk/upstream/emscripten/cache/sysroot/include/fakesdl]
  collapse include dir [/home/jordan/emsdk/upstream/emscripten/cache/sysroot/include/compat] ==> [/home/jordan/emsdk/upstream/emscripten/cache/sysroot/include/compat]
  collapse include dir [/home/jordan/emsdk/upstream/lib/clang/21/include] ==> [/home/jordan/emsdk/upstream/lib/clang/21/include]
  collapse include dir [/home/jordan/emsdk/upstream/emscripten/cache/sysroot/include] ==> [/home/jordan/emsdk/upstream/emscripten/cache/sysroot/include]
  implicit include dirs: [/home/jordan/emsdk/upstream/emscripten/cache/sysroot/include/fakesdl;/home/jordan/emsdk/upstream/emscripten/cache/sysroot/include/compat;/home/jordan/emsdk/upstream/lib/clang/21/include;/home/jordan/emsdk/upstream/emscripten/cache/sysroot/include]


Parsed C implicit link information from above output:
  link line regex: [^( *|.*[/\])(ld|CMAKE_LINK_STARTFILE-NOTFOUND|([^/\]+-)?ld|collect2)[^/\]*( |$)]
  ignore line: [Change Dir: /home/jordan/testProject/build/CMakeFiles/CMakeScratch/TryCompile-xaEFIZ]
  ignore line: []
  ignore line: [Run Build Command(s):/usr/bin/gmake -f Makefile cmTC_5c1ad/fast && /usr/bin/gmake  -f CMakeFiles/cmTC_5c1ad.dir/build.make CMakeFiles/cmTC_5c1ad.dir/build]
  ignore line: [gmake[1]: Entering directory '/home/jordan/testProject/build/CMakeFiles/CMakeScratch/TryCompile-xaEFIZ']
  ignore line: [Building C object CMakeFiles/cmTC_5c1ad.dir/CMakeCCompilerABI.c.o]
  ignore line: [/home/jordan/emsdk/upstream/emscripten/emcc   -v -MD -MT CMakeFiles/cmTC_5c1ad.dir/CMakeCCompilerABI.c.o -MF CMakeFiles/cmTC_5c1ad.dir/CMakeCCompilerABI.c.o.d -o CMakeFiles/cmTC_5c1ad.dir/CMakeCCompilerABI.c.o -c /usr/share/cmake-3.25/Modules/CMakeCCompilerABI.c]
  ignore line: [ /home/jordan/emsdk/upstream/bin/clang -target wasm32-unknown-emscripten -fignore-exceptions -mllvm -combiner-global-alias-analysis=false -mllvm -enable-emscripten-sjlj -mllvm -disable-lsr --sysroot=/home/jordan/emsdk/upstream/emscripten/cache/sysroot -DEMSCRIPTEN -Xclang -iwithsysroot/include/fakesdl -Xclang -iwithsysroot/include/compat -v -MD -MT CMakeFiles/cmTC_5c1ad.dir/CMakeCCompilerABI.c.o -MF CMakeFiles/cmTC_5c1ad.dir/CMakeCCompilerABI.c.o.d -oCMakeFiles/cmTC_5c1ad.dir/CMakeCCompilerABI.c.o -c /usr/share/cmake-3.25/Modules/CMakeCCompilerABI.c]
  ignore line: [clang version 21.0.0git (https:/github.com/llvm/llvm-project 57025b42c43b2f14f7e58692bc19cd53d1b8a45e)]
  ignore line: [Target: wasm32-unknown-emscripten]
  ignore line: [Thread model: posix]
  ignore line: [InstalledDir: /home/jordan/emsdk/upstream/bin]
  ignore line: [ (in-process)]
  ignore line: [ "/home/jordan/emsdk/upstream/bin/clang-21" -cc1 -triple wasm32-unknown-emscripten -emit-obj -disable-free -clear-ast-before-backend -disable-llvm-verifier -discard-value-names -main-file-name CMakeCCompilerABI.c -mrelocation-model static -mframe-pointer=none -ffp-contract=on -fno-rounding-math -mconstructor-aliases -target-cpu generic -fvisibility=hidden -debugger-tuning=gdb -fdebug-compilation-dir=/home/jordan/testProject/build/CMakeFiles/CMakeScratch/TryCompile-xaEFIZ -v -fcoverage-compilation-dir=/home/jordan/testProject/build/CMakeFiles/CMakeScratch/TryCompile-xaEFIZ -resource-dir /home/jordan/emsdk/upstream/lib/clang/21 -dependency-file CMakeFiles/cmTC_5c1ad.dir/CMakeCCompilerABI.c.o.d -MT CMakeFiles/cmTC_5c1ad.dir/CMakeCCompilerABI.c.o -sys-header-deps -D EMSCRIPTEN -isysroot /home/jordan/emsdk/upstream/emscripten/cache/sysroot -internal-isystem /home/jordan/emsdk/upstream/lib/clang/21/include -internal-isystem /home/jordan/emsdk/upstream/emscripten/cache/sysroot/include/wasm32-emscripten -internal-isystem /home/jordan/emsdk/upstream/emscripten/cache/sysroot/include -ferror-limit 19 -fgnuc-version=4.2.1 -fskip-odr-check-in-gmf -fignore-exceptions -iwithsysroot/include/fakesdl -iwithsysroot/include/compat -mllvm -combiner-global-alias-analysis=false -mllvm -enable-emscripten-sjlj -mllvm -disable-lsr -o CMakeFiles/cmTC_5c1ad.dir/CMakeCCompilerABI.c.o -x c /usr/share/cmake-3.25/Modules/CMakeCCompilerABI.c]
  ignore line: [clang -cc1 version 21.0.0git based upon LLVM 21.0.0git default target x86_64-unknown-linux-gnu]
  ignore line: [ignoring nonexistent directory "/home/jordan/emsdk/upstream/emscripten/cache/sysroot/include/wasm32-emscripten"]
  ignore line: [#include "..." search starts here:]
  ignore line: [#include <...> search starts here:]
  ignore line: [ /home/jordan/emsdk/upstream/emscripten/cache/sysroot/include/fakesdl]
  ignore line: [ /home/jordan/emsdk/upstream/emscripten/cache/sysroot/include/compat]
  ignore line: [ /home/jordan/emsdk/upstream/lib/clang/21/include]
  ignore line: [ /home/jordan/emsdk/upstream/emscripten/cache/sysroot/include]
  ignore line: [End of search list.]
  ignore line: [Linking C executable cmTC_5c1ad.js]
  ignore line: [/usr/bin/cmake -E cmake_link_script CMakeFiles/cmTC_5c1ad.dir/link.txt --verbose=1]
  ignore line: [/home/jordan/emsdk/upstream/emscripten/emcc  -v @CMakeFiles/cmTC_5c1ad.dir/objects1 -o cmTC_5c1ad.js ]
  ignore line: [ /home/jordan/emsdk/upstream/bin/clang --version]
  link line: [ /home/jordan/emsdk/upstream/bin/wasm-ld -o cmTC_5c1ad.wasm CMakeFiles/cmTC_5c1ad.dir/CMakeCCompilerABI.c.o -L/home/jordan/emsdk/upstream/emscripten/cache/sysroot/lib/wasm32-emscripten -L/home/jordan/emsdk/upstream/emscripten/src/lib -lGL-getprocaddr -lal -lhtml5 -lstubs-debug -lnoexit -lc-debug -ldlmalloc-debug -lcompiler_rt -lc++-noexcept -lc++abi-debug-noexcept -lsockets -mllvm -combiner-global-alias-analysis=false -mllvm -enable-emscripten-sjlj -mllvm -disable-lsr /tmp/tmpl3jrjtk2libemscripten_js_symbols.so --strip-debug --export=emscripten_stack_get_end --export=emscripten_stack_get_free --export=emscripten_stack_get_base --export=emscripten_stack_get_current --export=emscripten_stack_init --export=_emscripten_stack_alloc --export=__wasm_call_ctors --export=_emscripten_stack_restore --export-if-defined=__start_em_asm --export-if-defined=__stop_em_asm --export-if-defined=__start_em_lib_deps --export-if-defined=__stop_em_lib_deps --export-if-defined=__start_em_js --export-if-defined=__stop_em_js --export-if-defined=main --export-if-defined=__main_argc_argv --export-if-defined=fflush --export-table -z stack-size=65536 --no-growable-memory --initial-heap=16777216 --no-entry --stack-first --table-base=1]
    arg [/home/jordan/emsdk/upstream/bin/wasm-ld] ==> ignore
    arg [-o] ==> ignore
    arg [cmTC_5c1ad.wasm] ==> ignore
    arg [CMakeFiles/cmTC_5c1ad.dir/CMakeCCompilerABI.c.o] ==> ignore
    arg [-L/home/jordan/emsdk/upstream/emscripten/cache/sysroot/lib/wasm32-emscripten] ==> dir [/home/jordan/emsdk/upstream/emscripten/cache/sysroot/lib/wasm32-emscripten]
    arg [-L/home/jordan/emsdk/upstream/emscripten/src/lib] ==> dir [/home/jordan/emsdk/upstream/emscripten/src/lib]
    arg [-lGL-getprocaddr] ==> lib [GL-getprocaddr]
    arg [-lal] ==> lib [al]
    arg [-lhtml5] ==> lib [html5]
    arg [-lstubs-debug] ==> lib [stubs-debug]
    arg [-lnoexit] ==> lib [noexit]
    arg [-lc-debug] ==> lib [c-debug]
    arg [-ldlmalloc-debug] ==> lib [dlmalloc-debug]
    arg [-lcompiler_rt] ==> lib [compiler_rt]
    arg [-lc++-noexcept] ==> lib [c++-noexcept]
    arg [-lc++abi-debug-noexcept] ==> lib [c++abi-debug-noexcept]
    arg [-lsockets] ==> lib [sockets]
    arg [-mllvm] ==> ignore
    arg [-combiner-global-alias-analysis=false] ==> ignore
    arg [-mllvm] ==> ignore
    arg [-enable-emscripten-sjlj] ==> ignore
    arg [-mllvm] ==> ignore
    arg [-disable-lsr] ==> ignore
    arg [/tmp/tmpl3jrjtk2libemscripten_js_symbols.so] ==> ignore
    arg [--strip-debug] ==> ignore
    arg [--export=emscripten_stack_get_end] ==> ignore
    arg [--export=emscripten_stack_get_free] ==> ignore
    arg [--export=emscripten_stack_get_base] ==> ignore
    arg [--export=emscripten_stack_get_current] ==> ignore
    arg [--export=emscripten_stack_init] ==> ignore
    arg [--export=_emscripten_stack_alloc] ==> ignore
    arg [--export=__wasm_call_ctors] ==> ignore
    arg [--export=_emscripten_stack_restore] ==> ignore
    arg [--export-if-defined=__start_em_asm] ==> ignore
    arg [--export-if-defined=__stop_em_asm] ==> ignore
    arg [--export-if-defined=__start_em_lib_deps] ==> ignore
    arg [--export-if-defined=__stop_em_lib_deps] ==> ignore
    arg [--export-if-defined=__start_em_js] ==> ignore
    arg [--export-if-defined=__stop_em_js] ==> ignore
    arg [--export-if-defined=main] ==> ignore
    arg [--export-if-defined=__main_argc_argv] ==> ignore
    arg [--export-if-defined=fflush] ==> ignore
    arg [--export-table] ==> ignore
    arg [-zstack-size=65536] ==> ignore
    arg [--no-growable-memory] ==> ignore
    arg [--initial-heap=16777216] ==> ignore
    arg [--no-entry] ==> ignore
    arg [--stack-first] ==> ignore
    arg [--table-base=1] ==> ignore
  collapse library dir [/home/jordan/emsdk/upstream/emscripten/cache/sysroot/lib/wasm32-emscripten] ==> [/home/jordan/emsdk/upstream/emscripten/cache/sysroot/lib/wasm32-emscripten]
  collapse library dir [/home/jordan/emsdk/upstream/emscripten/src/lib] ==> [/home/jordan/emsdk/upstream/emscripten/src/lib]
  implicit libs: [GL-getprocaddr;al;html5;stubs-debug;noexit;c-debug;dlmalloc-debug;compiler_rt;c++-noexcept;c++abi-debug-noexcept;sockets]
  implicit objs: []
  implicit dirs: [/home/jordan/emsdk/upstream/emscripten/cache/sysroot/lib/wasm32-emscripten;/home/jordan/emsdk/upstream/emscripten/src/lib]
  implicit fwks: []


Compiling the CXX compiler identification source file "CMakeCXXCompilerId.cpp" succeeded.
Compiler: /home/jordan/emsdk/upstream/emscripten/em++ 
Build flags: 
Id flags:  

The output was:
0


Compilation of the CXX compiler identification source "CMakeCXXCompilerId.cpp" produced "a.out.js"

Compilation of the CXX compiler identification source "CMakeCXXCompilerId.cpp" produced "a.out.wasm"

The CXX compiler identification is Clang, found in "/home/jordan/testProject/build/CMakeFiles/3.25.1/CompilerIdCXX/a.out.wasm"

Detecting CXX compiler ABI info compiled with the following output:
Change Dir: /home/jordan/testProject/build/CMakeFiles/CMakeScratch/TryCompile-SvszHm

Run Build Command(s):/usr/bin/gmake -f Makefile cmTC_ba539/fast && /usr/bin/gmake  -f CMakeFiles/cmTC_ba539.dir/build.make CMakeFiles/cmTC_ba539.dir/build
gmake[1]: Entering directory '/home/jordan/testProject/build/CMakeFiles/CMakeScratch/TryCompile-SvszHm'
Building CXX object CMakeFiles/cmTC_ba539.dir/CMakeCXXCompilerABI.cpp.o
/home/jordan/emsdk/upstream/emscripten/em++   -v -MD -MT CMakeFiles/cmTC_ba539.dir/CMakeCXXCompilerABI.cpp.o -MF CMakeFiles/cmTC_ba539.dir/CMakeCXXCompilerABI.cpp.o.d -o CMakeFiles/cmTC_ba539.dir/CMakeCXXCompilerABI.cpp.o -c /usr/share/cmake-3.25/Modules/CMakeCXXCompilerABI.cpp
 "/home/jordan/emsdk/upstream/bin/clang++" -target wasm32-unknown-emscripten -fignore-exceptions -mllvm -combiner-global-alias-analysis=false -mllvm -enable-emscripten-sjlj -mllvm -disable-lsr --sysroot=/home/jordan/emsdk/upstream/emscripten/cache/sysroot -DEMSCRIPTEN -Xclang -iwithsysroot/include/fakesdl -Xclang -iwithsysroot/include/compat -v -MD -MT CMakeFiles/cmTC_ba539.dir/CMakeCXXCompilerABI.cpp.o -MF CMakeFiles/cmTC_ba539.dir/CMakeCXXCompilerABI.cpp.o.d -oCMakeFiles/cmTC_ba539.dir/CMakeCXXCompilerABI.cpp.o -c /usr/share/cmake-3.25/Modules/CMakeCXXCompilerABI.cpp
clang version 21.0.0git (https:/github.com/llvm/llvm-project 57025b42c43b2f14f7e58692bc19cd53d1b8a45e)
Target: wasm32-unknown-emscripten
Thread model: posix
InstalledDir: /home/jordan/emsdk/upstream/bin
 (in-process)
 "/home/jordan/emsdk/upstream/bin/clang-21" -cc1 -triple wasm32-unknown-emscripten -emit-obj -disable-free -clear-ast-before-backend -disable-llvm-verifier -discard-value-names -main-file-name CMakeCXXCompilerABI.cpp -mrelocation-model static -mframe-pointer=none -ffp-contract=on -fno-rounding-math -mconstructor-aliases -target-cpu generic -fvisibility=hidden -debugger-tuning=gdb -fdebug-compilation-dir=/home/jordan/testProject/build/CMakeFiles/CMakeScratch/TryCompile-SvszHm -v -fcoverage-compilation-dir=/home/jordan/testProject/build/CMakeFiles/CMakeScratch/TryCompile-SvszHm -resource-dir /home/jordan/emsdk/upstream/lib/clang/21 -dependency-file CMakeFiles/cmTC_ba539.dir/CMakeCXXCompilerABI.cpp.o.d -MT CMakeFiles/cmTC_ba539.dir/CMakeCXXCompilerABI.cpp.o -sys-header-deps -D EMSCRIPTEN -isysroot /home/jordan/emsdk/upstream/emscripten/cache/sysroot -internal-isystem /home/jordan/emsdk/upstream/emscripten/cache/sysroot/include/wasm32-emscripten/c++/v1 -internal-isystem /home/jordan/emsdk/upstream/emscripten/cache/sysroot/include/c++/v1 -internal-isystem /home/jordan/emsdk/upstream/lib/clang/21/include -internal-isystem /home/jordan/emsdk/upstream/emscripten/cache/sysroot/include/wasm32-emscripten -internal-isystem /home/jordan/emsdk/upstream/emscripten/cache/sysroot/include -fdeprecated-macro -ferror-limit 19 -fgnuc-version=4.2.1 -fskip-odr-check-in-gmf -fcxx-exceptions -fignore-exceptions -fexceptions -iwithsysroot/include/fakesdl -iwithsysroot/include/compat -mllvm -combiner-global-alias-analysis=false -mllvm -enable-emscripten-sjlj -mllvm -disable-lsr -o CMakeFiles/cmTC_ba539.dir/CMakeCXXCompilerABI.cpp.o -x c++ /usr/share/cmake-3.25/Modules/CMakeCXXCompilerABI.cpp
clang -cc1 version 21.0.0git based upon LLVM 21.0.0git default target x86_64-unknown-linux-gnu
ignoring nonexistent directory "/home/jordan/emsdk/upstream/emscripten/cache/sysroot/include/wasm32-emscripten/c++/v1"
ignoring nonexistent directory "/home/jordan/emsdk/upstream/emscripten/cache/sysroot/include/wasm32-emscripten"
#include "..." search starts here:
#include <...> search starts here:
 /home/jordan/emsdk/upstream/emscripten/cache/sysroot/include/fakesdl
 /home/jordan/emsdk/upstream/emscripten/cache/sysroot/include/compat
 /home/jordan/emsdk/upstream/emscripten/cache/sysroot/include/c++/v1
 /home/jordan/emsdk/upstream/lib/clang/21/include
 /home/jordan/emsdk/upstream/emscripten/cache/sysroot/include
End of search list.
Linking CXX executable cmTC_ba539.js
/usr/bin/cmake -E cmake_link_script CMakeFiles/cmTC_ba539.dir/link.txt --verbose=1
/home/jordan/emsdk/upstream/emscripten/em++  -v @CMakeFiles/cmTC_ba539.dir/objects1 -o cmTC_ba539.js 
 /home/jordan/emsdk/upstream/bin/clang --version
 /home/jordan/emsdk/upstream/bin/wasm-ld -o cmTC_ba539.wasm CMakeFiles/cmTC_ba539.dir/CMakeCXXCompilerABI.cpp.o -L/home/jordan/emsdk/upstream/emscripten/cache/sysroot/lib/wasm32-emscripten -L/home/jordan/emsdk/upstream/emscripten/src/lib -lGL-getprocaddr -lal -lhtml5 -lstubs-debug -lnoexit -lc-debug -ldlmalloc-debug -lcompiler_rt -lc++-noexcept -lc++abi-debug-noexcept -lsockets -mllvm -combiner-global-alias-analysis=false -mllvm -enable-emscripten-sjlj -mllvm -disable-lsr /tmp/tmpo_5vhcw4libemscripten_js_symbols.so --strip-debug --export=emscripten_stack_get_end --export=emscripten_stack_get_free --export=emscripten_stack_get_base --export=emscripten_stack_get_current --export=emscripten_stack_init --export=_emscripten_stack_alloc --export=__wasm_call_ctors --export=_emscripten_stack_restore --export-if-defined=__start_em_asm --export-if-defined=__stop_em_asm --export-if-defined=__start_em_lib_deps --export-if-defined=__stop_em_lib_deps --export-if-defined=__start_em_js --export-if-defined=__stop_em_js --export-if-defined=main --export-if-defined=__main_argc_argv --export-if-defined=fflush --export-table -z stack-size=65536 --no-growable-memory --initial-heap=16777216 --no-entry --stack-first --table-base=1
 /home/jordan/emsdk/upstream/bin/llvm-objcopy cmTC_ba539.wasm cmTC_ba539.wasm --remove-section=.debug* --remove-section=producers --remove-section=name
 /home/jordan/emsdk/node/20.18.0_64bit/bin/node /home/jordan/emsdk/upstream/emscripten/tools/compiler.mjs -
gmake[1]: Leaving directory '/home/jordan/testProject/build/CMakeFiles/CMakeScratch/TryCompile-SvszHm'



Parsed CXX implicit include dir info from above output: rv=done
  found start of include info
  found start of implicit include info
    add: [/home/jordan/emsdk/upstream/emscripten/cache/sysroot/include/fakesdl]
    add: [/home/jordan/emsdk/upstream/emscripten/cache/sysroot/include/compat]
    add: [/home/jordan/emsdk/upstream/emscripten/cache/sysroot/include/c++/v1]
    add: [/home/jordan/emsdk/upstream/lib/clang/21/include]
    add: [/home/jordan/emsdk/upstream/emscripten/cache/sysroot/include]
  end of search list found
  collapse include dir [/home/jordan/emsdk/upstream/emscripten/cache/sysroot/include/fakesdl] ==> [/home/jordan/emsdk/upstream/emscripten/cache/sysroot/include/fakesdl]
  collapse include dir [/home/jordan/emsdk/upstream/emscripten/cache/sysroot/include/compat] ==> [/home/jordan/emsdk/upstream/emscripten/cache/sysroot/include/compat]
  collapse include dir [/home/jordan/emsdk/upstream/emscripten/cache/sysroot/include/c++/v1] ==> [/home/jordan/emsdk/upstream/emscripten/cache/sysroot/include/c++/v1]
  collapse include dir [/home/jordan/emsdk/upstream/lib/clang/21/include] ==> [/home/jordan/emsdk/upstream/lib/clang/21/include]
  collapse include dir [/home/jordan/emsdk/upstream/emscripten/cache/sysroot/include] ==> [/home/jordan/emsdk/upstream/emscripten/cache/sysroot/include]
  implicit include dirs: [/home/jordan/emsdk/upstream/emscripten/cache/sysroot/include/fakesdl;/home/jordan/emsdk/upstream/emscripten/cache/sysroot/include/compat;/home/jordan/emsdk/upstream/emscripten/cache/sysroot/include/c++/v1;/home/jordan/emsdk/upstream/lib/clang/21/include;/home/jordan/emsdk/upstream/emscripten/cache/sysroot/include]


Parsed CXX implicit link information from above output:
  link line regex: [^( *|.*[/\])(ld|CMAKE_LINK_STARTFILE-NOTFOUND|([^/\]+-)?ld|collect2)[^/\]*( |$)]
  ignore line: [Change Dir: /home/jordan/testProject/build/CMakeFiles/CMakeScratch/TryCompile-SvszHm]
  ignore line: []
  ignore line: [Run Build Command(s):/usr/bin/gmake -f Makefile cmTC_ba539/fast && /usr/bin/gmake  -f CMakeFiles/cmTC_ba539.dir/build.make CMakeFiles/cmTC_ba539.dir/build]
  ignore line: [gmake[1]: Entering directory '/home/jordan/testProject/build/CMakeFiles/CMakeScratch/TryCompile-SvszHm']
  ignore line: [Building CXX object CMakeFiles/cmTC_ba539.dir/CMakeCXXCompilerABI.cpp.o]
  ignore line: [/home/jordan/emsdk/upstream/emscripten/em++   -v -MD -MT CMakeFiles/cmTC_ba539.dir/CMakeCXXCompilerABI.cpp.o -MF CMakeFiles/cmTC_ba539.dir/CMakeCXXCompilerABI.cpp.o.d -o CMakeFiles/cmTC_ba539.dir/CMakeCXXCompilerABI.cpp.o -c /usr/share/cmake-3.25/Modules/CMakeCXXCompilerABI.cpp]
  ignore line: [ "/home/jordan/emsdk/upstream/bin/clang++" -target wasm32-unknown-emscripten -fignore-exceptions -mllvm -combiner-global-alias-analysis=false -mllvm -enable-emscripten-sjlj -mllvm -disable-lsr --sysroot=/home/jordan/emsdk/upstream/emscripten/cache/sysroot -DEMSCRIPTEN -Xclang -iwithsysroot/include/fakesdl -Xclang -iwithsysroot/include/compat -v -MD -MT CMakeFiles/cmTC_ba539.dir/CMakeCXXCompilerABI.cpp.o -MF CMakeFiles/cmTC_ba539.dir/CMakeCXXCompilerABI.cpp.o.d -oCMakeFiles/cmTC_ba539.dir/CMakeCXXCompilerABI.cpp.o -c /usr/share/cmake-3.25/Modules/CMakeCXXCompilerABI.cpp]
  ignore line: [clang version 21.0.0git (https:/github.com/llvm/llvm-project 57025b42c43b2f14f7e58692bc19cd53d1b8a45e)]
  ignore line: [Target: wasm32-unknown-emscripten]
  ignore line: [Thread model: posix]
  ignore line: [InstalledDir: /home/jordan/emsdk/upstream/bin]
  ignore line: [ (in-process)]
  ignore line: [ "/home/jordan/emsdk/upstream/bin/clang-21" -cc1 -triple wasm32-unknown-emscripten -emit-obj -disable-free -clear-ast-before-backend -disable-llvm-verifier -discard-value-names -main-file-name CMakeCXXCompilerABI.cpp -mrelocation-model static -mframe-pointer=none -ffp-contract=on -fno-rounding-math -mconstructor-aliases -target-cpu generic -fvisibility=hidden -debugger-tuning=gdb -fdebug-compilation-dir=/home/jordan/testProject/build/CMakeFiles/CMakeScratch/TryCompile-SvszHm -v -fcoverage-compilation-dir=/home/jordan/testProject/build/CMakeFiles/CMakeScratch/TryCompile-SvszHm -resource-dir /home/jordan/emsdk/upstream/lib/clang/21 -dependency-file CMakeFiles/cmTC_ba539.dir/CMakeCXXCompilerABI.cpp.o.d -MT CMakeFiles/cmTC_ba539.dir/CMakeCXXCompilerABI.cpp.o -sys-header-deps -D EMSCRIPTEN -isysroot /home/jordan/emsdk/upstream/emscripten/cache/sysroot -internal-isystem /home/jordan/emsdk/upstream/emscripten/cache/sysroot/include/wasm32-emscripten/c++/v1 -internal-isystem /home/jordan/emsdk/upstream/emscripten/cache/sysroot/include/c++/v1 -internal-isystem /home/jordan/emsdk/upstream/lib/clang/21/include -internal-isystem /home/jordan/emsdk/upstream/emscripten/cache/sysroot/include/wasm32-emscripten -internal-isystem /home/jordan/emsdk/upstream/emscripten/cache/sysroot/include -fdeprecated-macro -ferror-limit 19 -fgnuc-version=4.2.1 -fskip-odr-check-in-gmf -fcxx-exceptions -fignore-exceptions -fexceptions -iwithsysroot/include/fakesdl -iwithsysroot/include/compat -mllvm -combiner-global-alias-analysis=false -mllvm -enable-emscripten-sjlj -mllvm -disable-lsr -o CMakeFiles/cmTC_ba539.dir/CMakeCXXCompilerABI.cpp.o -x c++ /usr/share/cmake-3.25/Modules/CMakeCXXCompilerABI.cpp]
  ignore line: [clang -cc1 version 21.0.0git based upon LLVM 21.0.0git default target x86_64-unknown-linux-gnu]
  ignore line: [ignoring nonexistent directory "/home/jordan/emsdk/upstream/emscripten/cache/sysroot/include/wasm32-emscripten/c++/v1"]
  ignore line: [ignoring nonexistent directory "/home/jordan/emsdk/upstream/emscripten/cache/sysroot/include/wasm32-emscripten"]
  ignore line: [#include "..." search starts here:]
  ignore line: [#include <...> search starts here:]
  ignore line: [ /home/jordan/emsdk/upstream/emscripten/cache/sysroot/include/fakesdl]
  ignore line: [ /home/jordan/emsdk/upstream/emscripten/cache/sysroot/include/compat]
  ignore line: [ /home/jordan/emsdk/upstream/emscripten/cache/sysroot/include/c++/v1]
  ignore line: [ /home/jordan/emsdk/upstream/lib/clang/21/include]
  ignore line: [ /home/jordan/emsdk/upstream/emscripten/cache/sysroot/include]
  ignore line: [End of search list.]
  ignore line: [Linking CXX executable cmTC_ba539.js]
  ignore line: [/usr/bin/cmake -E cmake_link_script CMakeFiles/cmTC_ba539.dir/link.txt --verbose=1]
  ignore line: [/home/jordan/emsdk/upstream/emscripten/em++  -v @CMakeFiles/cmTC_ba539.dir/objects1 -o cmTC_ba539.js ]
  ignore line: [ /home/jordan/emsdk/upstream/bin/clang --version]
  link line: [ /home/jordan/emsdk/upstream/bin/wasm-ld -o cmTC_ba539.wasm CMakeFiles/cmTC_ba539.dir/CMakeCXXCompilerABI.cpp.o -L/home/jordan/emsdk/upstream/emscripten/cache/sysroot/lib/wasm32-emscripten -L/home/jordan/emsdk/upstream/emscripten/src/lib -lGL-getprocaddr -lal -lhtml5 -lstubs-debug -lnoexit -lc-debug -ldlmalloc-debug -lcompiler_rt -lc++-noexcept -lc++abi-debug-noexcept -lsockets -mllvm -combiner-global-alias-analysis=false -mllvm -enable-emscripten-sjlj -mllvm -disable-lsr /tmp/tmpo_5vhcw4libemscripten_js_symbols.so --strip-debug --export=emscripten_stack_get_end --export=emscripten_stack_get_free --export=emscripten_stack_get_base --export=emscripten_stack_get_current --export=emscripten_stack_init --export=_emscripten_stack_alloc --export=__wasm_call_ctors --export=_emscripten_stack_restore --export-if-defined=__start_em_asm --export-if-defined=__stop_em_asm --export-if-defined=__start_em_lib_deps --export-if-defined=__stop_em_lib_deps --export-if-defined=__start_em_js --export-if-defined=__stop_em_js --export-if-defined=main --export-if-defined=__main_argc_argv --export-if-defined=fflush --export-table -z stack-size=65536 --no-growable-memory --initial-heap=16777216 --no-entry --stack-first --table-base=1]
    arg [/home/jordan/emsdk/upstream/bin/wasm-ld] ==> ignore
    arg [-o] ==> ignore
    arg [cmTC_ba539.wasm] ==> ignore
    arg [CMakeFiles/cmTC_ba539.dir/CMakeCXXCompilerABI.cpp.o] ==> ignore
    arg [-L/home/jordan/emsdk/upstream/emscripten/cache/sysroot/lib/wasm32-emscripten] ==> dir [/home/jordan/emsdk/upstream/emscripten/cache/sysroot/lib/wasm32-emscripten]
    arg [-L/home/jordan/emsdk/upstream/emscripten/src/lib] ==> dir [/home/jordan/emsdk/upstream/emscripten/src/lib]
    arg [-lGL-getprocaddr] ==> lib [GL-getprocaddr]
    arg [-lal] ==> lib [al]
    arg [-lhtml5] ==> lib [html5]
    arg [-lstubs-debug] ==> lib [stubs-debug]
    arg [-lnoexit] ==> lib [noexit]
    arg [-lc-debug] ==> lib [c-debug]
    arg [-ldlmalloc-debug] ==> lib [dlmalloc-debug]
    arg [-lcompiler_rt] ==> lib [compiler_rt]
    arg [-lc++-noexcept] ==> lib [c++-noexcept]
    arg [-lc++abi-debug-noexcept] ==> lib [c++abi-debug-noexcept]
    arg [-lsockets] ==> lib [sockets]
    arg [-mllvm] ==> ignore
    arg [-combiner-global-alias-analysis=false] ==> ignore
    arg [-mllvm] ==> ignore
    arg [-enable-emscripten-sjlj] ==> ignore
    arg [-mllvm] ==> ignore
    arg [-disable-lsr] ==> ignore
    arg [/tmp/tmpo_5vhcw4libemscripten_js_symbols.so] ==> ignore
    arg [--strip-debug] ==> ignore
    arg [--export=emscripten_stack_get_end] ==> ignore
    arg [--export=emscripten_stack_get_free] ==> ignore
    arg [--export=emscripten_stack_get_base] ==> ignore
    arg [--export=emscripten_stack_get_current] ==> ignore
    arg [--export=emscripten_stack_init] ==> ignore
    arg [--export=_emscripten_stack_alloc] ==> ignore
    arg [--export=__wasm_call_ctors] ==> ignore
    arg [--export=_emscripten_stack_restore] ==> ignore
    arg [--export-if-defined=__start_em_asm] ==> ignore
    arg [--export-if-defined=__stop_em_asm] ==> ignore
    arg [--export-if-defined=__start_em_lib_deps] ==> ignore
    arg [--export-if-defined=__stop_em_lib_deps] ==> ignore
    arg [--export-if-defined=__start_em_js] ==> ignore
    arg [--export-if-defined=__stop_em_js] ==> ignore
    arg [--export-if-defined=main] ==> ignore
    arg [--export-if-defined=__main_argc_argv] ==> ignore
    arg [--export-if-defined=fflush] ==> ignore
    arg [--export-table] ==> ignore
    arg [-zstack-size=65536] ==> ignore
    arg [--no-growable-memory] ==> ignore
    arg [--initial-heap=16777216] ==> ignore
    arg [--no-entry] ==> ignore
    arg [--stack-first] ==> ignore
    arg [--table-base=1] ==> ignore
  collapse library dir [/home/jordan/emsdk/upstream/emscripten/cache/sysroot/lib/wasm32-emscripten] ==> [/home/jordan/emsdk/upstream/emscripten/cache/sysroot/lib/wasm32-emscripten]
  collapse library dir [/home/jordan/emsdk/upstream/emscripten/src/lib] ==> [/home/jordan/emsdk/upstream/emscripten/src/lib]
  implicit libs: [GL-getprocaddr;al;html5;stubs-debug;noexit;c-debug;dlmalloc-debug;compiler_rt;c++-noexcept;c++abi-debug-noexcept;sockets]
  implicit objs: []
  implicit dirs: [/home/jordan/emsdk/upstream/emscripten/cache/sysroot/lib/wasm32-emscripten;/home/jordan/emsdk/upstream/emscripten/src/lib]
  implicit fwks: []


